<?xml version="1.0" encoding="UTF-8"?>
<testng-results ignored="0" total="1" passed="1" failed="0" skipped="0">
  <reporter-output>
  </reporter-output>
  <suite started-at="2024-04-18T10:04:53 IST" name="Default suite" finished-at="2024-04-18T10:05:18 IST" duration-ms="24950">
    <groups>
      <group name="cucumber">
        <method signature="AbstractTestNGCucumberTests.runScenario(io.cucumber.testng.PickleWrapper,io.cucumber.testng.FeatureWrapper)[pri:0, instance:MsgRunner.TestRunner@48e1f6c7]" name="runScenario" class="io.cucumber.testng.AbstractTestNGCucumberTests"/>
      </group> <!-- cucumber -->
    </groups>
    <test started-at="2024-04-18T10:04:53 IST" name="Default test" finished-at="2024-04-18T10:05:18 IST" duration-ms="24950">
      <class name="MsgRunner.TestRunner">
        <test-method is-config="true" signature="setUpClass(org.testng.ITestContext)[pri:0, instance:MsgRunner.TestRunner@48e1f6c7]" started-at="2024-04-18T10:04:54 IST" name="setUpClass" finished-at="2024-04-18T10:04:54 IST" duration-ms="731" status="PASS">
          <params>
            <param index="0">
              <value>
                <![CDATA[org.testng.TestRunner@13234ac9]]>
              </value>
            </param>
          </params>
          <reporter-output>
          </reporter-output>
        </test-method> <!-- setUpClass -->
        <test-method signature="runScenario(io.cucumber.testng.PickleWrapper,io.cucumber.testng.FeatureWrapper)[pri:0, instance:MsgRunner.TestRunner@48e1f6c7]" started-at="2024-04-18T10:04:54 IST" name="runScenario" description="Runs Cucumber Scenarios" data-provider="scenarios" finished-at="2024-04-18T10:05:18 IST" duration-ms="23832" status="PASS">
          <params>
            <param index="0">
              <value>
                <![CDATA["to validate sending message by searching a person"]]>
              </value>
            </param>
            <param index="1">
              <value>
                <![CDATA["To test messaging functionality of LinkdIn"]]>
              </value>
            </param>
          </params>
          <reporter-output>
          </reporter-output>
        </test-method> <!-- runScenario -->
        <test-method is-config="true" signature="tearDownClass()[pri:0, instance:MsgRunner.TestRunner@48e1f6c7]" started-at="2024-04-18T10:05:18 IST" name="tearDownClass" finished-at="2024-04-18T10:05:18 IST" duration-ms="350" status="PASS">
          <reporter-output>
          </reporter-output>
        </test-method> <!-- tearDownClass -->
      </class> <!-- MsgRunner.TestRunner -->
    </test> <!-- Default test -->
  </suite> <!-- Default suite -->
</testng-results>
